<?xml version="1.0" encoding="UTF-8"?>
<testng-results ignored="0" total="1" passed="1" failed="0" skipped="0">
  <reporter-output>
  </reporter-output>
  <suite started-at="2026-08-23T19:01:29 IST" name="SauceDemo Sauce Labs Suite" finished-at="2026-08-23T19:01:46 IST" duration-ms="17075">
    <groups>
    </groups>
    <test started-at="2026-08-23T19:01:29 IST" name="Login Tests" finished-at="2026-08-23T19:01:46 IST" duration-ms="17075">
      <class name="tests.LoginTest">
        <test-method is-config="true" signature="setUp(java.lang.String)[pri:0, instance:tests.LoginTest@15eb5ee5]" started-at="2026-08-23T19:01:29 IST" name="setUp" finished-at="2026-08-23T19:01:37 IST" duration-ms="8100" status="PASS">
          <params>
            <param index="0">
              <value>
                <![CDATA[sauce]]>
              </value>
            </param>
          </params>
          <reporter-output>
          </reporter-output>
        </test-method> <!-- setUp -->
        <test-method signature="validLoginShouldNavigateToInventory()[pri:0, instance:tests.LoginTest@15eb5ee5]" started-at="2026-08-23T19:01:37 IST" name="validLoginShouldNavigateToInventory" description="Valid user can log in and land on the inventory page" finished-at="2026-08-23T19:01:41 IST" duration-ms="3888" status="PASS">
          <reporter-output>
          </reporter-output>
        </test-method> <!-- validLoginShouldNavigateToInventory -->
        <test-method is-config="true" signature="tearDown(org.testng.ITestResult)[pri:0, instance:tests.LoginTest@15eb5ee5]" started-at="2026-08-23T19:01:41 IST" name="tearDown" finished-at="2026-08-23T19:01:46 IST" duration-ms="5035" status="PASS">
          <params>
            <param index="0">
              <value>
                <![CDATA[[TestResult name=validLoginShouldNavigateToInventory status=SUCCESS method=LoginTest.validLoginShouldNavigateToInventory()[pri:0, instance:tests.LoginTest@15eb5ee5] output={null}]]]>
              </value>
            </param>
          </params>
          <reporter-output>
          </reporter-output>
        </test-method> <!-- tearDown -->
      </class> <!-- tests.LoginTest -->
    </test> <!-- Login Tests -->
  </suite> <!-- SauceDemo Sauce Labs Suite -->
</testng-results>
